<?xml version="1.0" encoding="UTF-8"?>
<testsuite xmlns:xsi="http://www.w3.org/2001/XMLSchema-instance" xsi:noNamespaceSchemaLocation="https://maven.apache.org/surefire/maven-surefire-plugin/xsd/surefire-test-report-3.0.xsd" version="3.0" name="com.examly.apigateway.ApigatewayApplicationTests" time="5.149" tests="15" errors="1" skipped="0" failures="0">
  <properties>
[...]
</properties>
  <testcase name="backend_testRegisterAdmin" classname="com.examly.apigateway.ApigatewayApplicationTests" time="0.972">
    <system-out><![CDATA[16:44:49.122 [main] INFO org.springframework.test.context.support.AnnotationConfigContextLoaderUtils -- Could not detect default configuration classes for test class [com.examly.apigateway.ApigatewayApplicationTests]: ApigatewayApplicationTests does not declare any static, non-private, non-final, nested classes annotated with @Configuration.
16:44:49.188 [main] INFO org.springframework.boot.test.context.SpringBootTestContextBootstrapper -- Found @SpringBootConfiguration com.examly.apigateway.ApigatewayApplication for test class com.examly.apigateway.ApigatewayApplicationTests

  .   ____          _            __ _ _
 /\\ / ___'_ __ _ _(_)_ __  __ _ \ \ \ \
( ( )\___ | '_ | '_| | '_ \/ _` | \ \ \ \
 \\/  ___)| |_)| | | | | || (_| |  ) ) ) )
  '  |____| .__|_| |_|_| |_\__, | / / / /
 =========|_|==============|___/=/_/_/_/
 :: Spring Boot ::               (v3.1.10)

2025-05-29T16:44:49.458Z  INFO 4514 --- [           main] c.e.a.ApigatewayApplicationTests         : Starting ApigatewayApplicationTests using Java 17.0.14 with PID 4514 (started by coder in /home/coder/project/workspace/apigateway)
2025-05-29T16:44:49.459Z  INFO 4514 --- [           main] c.e.a.ApigatewayApplicationTests         : No active profile set, falling back to 1 default profile: "default"
2025-05-29T16:44:50.191Z  INFO 4514 --- [           main] o.s.cloud.context.scope.GenericScope     : BeanFactory id=c069b105-82d6-3fcb-ad26-a2ccbbd6f730
2025-05-29T16:44:50.252Z  INFO 4514 --- [           main] trationDelegate$BeanPostProcessorChecker : Bean 'org.springframework.cloud.client.loadbalancer.reactive.LoadBalancerBeanPostProcessorAutoConfiguration' of type [org.springframework.cloud.client.loadbalancer.reactive.LoadBalancerBeanPostProcessorAutoConfiguration] is not eligible for getting processed by all BeanPostProcessors (for example: not eligible for auto-proxying)
2025-05-29T16:44:50.253Z  INFO 4514 --- [           main] trationDelegate$BeanPostProcessorChecker : Bean 'org.springframework.cloud.client.loadbalancer.reactive.LoadBalancerBeanPostProcessorAutoConfiguration$ReactorDeferringLoadBalancerFilterConfig' of type [org.springframework.cloud.client.loadbalancer.reactive.LoadBalancerBeanPostProcessorAutoConfiguration$ReactorDeferringLoadBalancerFilterConfig] is not eligible for getting processed by all BeanPostProcessors (for example: not eligible for auto-proxying)
2025-05-29T16:44:50.254Z  INFO 4514 --- [           main] trationDelegate$BeanPostProcessorChecker : Bean 'reactorDeferringLoadBalancerExchangeFilterFunction' of type [org.springframework.cloud.client.loadbalancer.reactive.DeferringLoadBalancerExchangeFilterFunction] is not eligible for getting processed by all BeanPostProcessors (for example: not eligible for auto-proxying)
2025-05-29T16:44:50.834Z  INFO 4514 --- [           main] o.s.c.g.r.RouteDefinitionRouteLocator    : Loaded RoutePredicateFactory [After]
2025-05-29T16:44:50.834Z  INFO 4514 --- [           main] o.s.c.g.r.RouteDefinitionRouteLocator    : Loaded RoutePredicateFactory [Before]
2025-05-29T16:44:50.834Z  INFO 4514 --- [           main] o.s.c.g.r.RouteDefinitionRouteLocator    : Loaded RoutePredicateFactory [Between]
2025-05-29T16:44:50.834Z  INFO 4514 --- [           main] o.s.c.g.r.RouteDefinitionRouteLocator    : Loaded RoutePredicateFactory [Cookie]
2025-05-29T16:44:50.834Z  INFO 4514 --- [           main] o.s.c.g.r.RouteDefinitionRouteLocator    : Loaded RoutePredicateFactory [Header]
2025-05-29T16:44:50.835Z  INFO 4514 --- [           main] o.s.c.g.r.RouteDefinitionRouteLocator    : Loaded RoutePredicateFactory [Host]
2025-05-29T16:44:50.835Z  INFO 4514 --- [           main] o.s.c.g.r.RouteDefinitionRouteLocator    : Loaded RoutePredicateFactory [Method]
2025-05-29T16:44:50.835Z  INFO 4514 --- [           main] o.s.c.g.r.RouteDefinitionRouteLocator    : Loaded RoutePredicateFactory [Path]
2025-05-29T16:44:50.835Z  INFO 4514 --- [           main] o.s.c.g.r.RouteDefinitionRouteLocator    : Loaded RoutePredicateFactory [Query]
2025-05-29T16:44:50.835Z  INFO 4514 --- [           main] o.s.c.g.r.RouteDefinitionRouteLocator    : Loaded RoutePredicateFactory [ReadBody]
2025-05-29T16:44:50.835Z  INFO 4514 --- [           main] o.s.c.g.r.RouteDefinitionRouteLocator    : Loaded RoutePredicateFactory [RemoteAddr]
2025-05-29T16:44:50.835Z  INFO 4514 --- [           main] o.s.c.g.r.RouteDefinitionRouteLocator    : Loaded RoutePredicateFactory [XForwardedRemoteAddr]
2025-05-29T16:44:50.835Z  INFO 4514 --- [           main] o.s.c.g.r.RouteDefinitionRouteLocator    : Loaded RoutePredicateFactory [Weight]
2025-05-29T16:44:50.835Z  INFO 4514 --- [           main] o.s.c.g.r.RouteDefinitionRouteLocator    : Loaded RoutePredicateFactory [CloudFoundryRouteService]
2025-05-29T16:44:50.938Z DEBUG 4514 --- [           main] o.s.w.r.handler.SimpleUrlHandlerMapping  : Patterns [/webjars/**, /**] in 'resourceHandlerMapping'
2025-05-29T16:44:51.041Z  INFO 4514 --- [           main] o.s.b.a.e.web.EndpointLinksResolver      : Exposing 1 endpoint(s) beneath base path '/actuator'
2025-05-29T16:44:51.070Z DEBUG 4514 --- [           main] o.s.w.r.r.m.a.ControllerMethodResolver   : ControllerAdvice beans: none
2025-05-29T16:44:51.108Z DEBUG 4514 --- [           main] o.s.w.s.adapter.HttpWebHandlerAdapter    : enableLoggingRequestDetails='false': form data and headers will be masked to prevent unsafe logging of potentially sensitive data
2025-05-29T16:44:51.191Z  INFO 4514 --- [           main] DiscoveryClientOptionalArgsConfiguration : Eureka HTTP Client uses RestTemplate.
2025-05-29T16:44:51.221Z  WARN 4514 --- [           main] iguration$LoadBalancerCaffeineWarnLogger : Spring Cloud LoadBalancer is currently working with the default cache. While this cache implementation is useful for development and tests, it's recommended to use Caffeine cache in production.You can switch to using Caffeine cache, by adding it and org.springframework.cache.caffeine.CaffeineCacheManager to the classpath.
2025-05-29T16:44:51.482Z  INFO 4514 --- [           main] o.s.b.web.embedded.netty.NettyWebServer  : Netty started on port 41417
2025-05-29T16:44:51.484Z  INFO 4514 --- [           main] .s.c.n.e.s.EurekaAutoServiceRegistration : Updating port to 41417
2025-05-29T16:44:51.487Z  INFO 4514 --- [           main] o.s.c.n.eureka.InstanceInfoFactory       : Setting initial instance status as: STARTING
2025-05-29T16:44:51.541Z  INFO 4514 --- [           main] com.netflix.discovery.DiscoveryClient    : Initializing Eureka in region us-east-1
2025-05-29T16:44:51.546Z  INFO 4514 --- [           main] c.n.d.s.r.aws.ConfigClusterResolver      : Resolving eureka endpoints via configuration
2025-05-29T16:44:51.562Z  INFO 4514 --- [           main] com.netflix.discovery.DiscoveryClient    : Disable delta property : false
2025-05-29T16:44:51.562Z  INFO 4514 --- [           main] com.netflix.discovery.DiscoveryClient    : Single vip registry refresh property : null
2025-05-29T16:44:51.562Z  INFO 4514 --- [           main] com.netflix.discovery.DiscoveryClient    : Force full registry fetch : false
2025-05-29T16:44:51.562Z  INFO 4514 --- [           main] com.netflix.discovery.DiscoveryClient    : Application is null : false
2025-05-29T16:44:51.562Z  INFO 4514 --- [           main] com.netflix.discovery.DiscoveryClient    : Registered Applications size is zero : true
2025-05-29T16:44:51.562Z  INFO 4514 --- [           main] com.netflix.discovery.DiscoveryClient    : Application version is -1: true
2025-05-29T16:44:51.562Z  INFO 4514 --- [           main] com.netflix.discovery.DiscoveryClient    : Getting all instance registry info from the eureka server
2025-05-29T16:44:51.581Z DEBUG 4514 --- [           main] o.s.web.client.RestTemplate              : HTTP GET http://localhost:8761/eureka/apps/
2025-05-29T16:44:51.649Z DEBUG 4514 --- [           main] o.s.web.client.RestTemplate              : Accept=[application/json, application/*+json]
2025-05-29T16:44:51.685Z DEBUG 4514 --- [           main] o.s.web.client.RestTemplate              : Response 200 OK
2025-05-29T16:44:51.686Z DEBUG 4514 --- [           main] o.s.web.client.RestTemplate              : Reading to [org.springframework.cloud.netflix.eureka.http.EurekaApplications]
2025-05-29T16:44:51.703Z  INFO 4514 --- [           main] com.netflix.discovery.DiscoveryClient    : The response status is 200
2025-05-29T16:44:51.705Z  INFO 4514 --- [           main] com.netflix.discovery.DiscoveryClient    : Starting heartbeat executor: renew interval is: 30
2025-05-29T16:44:51.707Z  INFO 4514 --- [           main] c.n.discovery.InstanceInfoReplicator     : InstanceInfoReplicator onDemand update allowed rate per min is 4
2025-05-29T16:44:51.711Z  INFO 4514 --- [           main] com.netflix.discovery.DiscoveryClient    : Discovery Client initialized at timestamp 1748537091710 with initial instances count: 4
2025-05-29T16:44:51.712Z  INFO 4514 --- [           main] o.s.c.n.e.s.EurekaServiceRegistry        : Registering application API-GATEWAY with eureka with status UP
2025-05-29T16:44:51.713Z  INFO 4514 --- [           main] com.netflix.discovery.DiscoveryClient    : Saw local status change event StatusChangeEvent [timestamp=1748537091713, current=UP, previous=STARTING]
2025-05-29T16:44:51.714Z  INFO 4514 --- [nfoReplicator-0] com.netflix.discovery.DiscoveryClient    : DiscoveryClient_API-GATEWAY/afcbaebbcadbeabaeeaefecdfdbbeddebecdf-0.afcbaebbcadbeabaeeaefecdfdbbeddebecdf.ide.svc.cluster.local:api-gateway:0: registering service...
2025-05-29T16:44:51.716Z DEBUG 4514 --- [nfoReplicator-0] o.s.web.client.RestTemplate              : HTTP POST http://localhost:8761/eureka/apps/API-GATEWAY
2025-05-29T16:44:51.718Z DEBUG 4514 --- [nfoReplicator-0] o.s.web.client.RestTemplate              : Accept=[application/json, application/*+json]
2025-05-29T16:44:51.728Z DEBUG 4514 --- [nfoReplicator-0] o.s.web.client.RestTemplate              : Writing [InstanceInfo [instanceId = afcbaebbcadbeabaeeaefecdfdbbeddebecdf-0.afcbaebbcadbeabaeeaefecdfdbbeddebecdf.ide.svc.cluster.local:api-gateway:0, appName = API-GATEWAY, hostName = afcbaebbcadbeabaeeaefecdfdbbeddebecdf-0.afcbaebbcadbeabaeeaefecdfdbbeddebecdf.ide.svc.cluster.local, status = UP, ipAddr = 10.244.3.14, port = 41417, securePort = 443, dataCenterInfo = com.netflix.appinfo.MyDataCenterInfo@70188db1] as "application/json"
2025-05-29T16:44:51.741Z DEBUG 4514 --- [nfoReplicator-0] o.s.web.client.RestTemplate              : Response 204 NO_CONTENT
2025-05-29T16:44:51.742Z  INFO 4514 --- [nfoReplicator-0] com.netflix.discovery.DiscoveryClient    : DiscoveryClient_API-GATEWAY/afcbaebbcadbeabaeeaefecdfdbbeddebecdf-0.afcbaebbcadbeabaeeaefecdfdbbeddebecdf.ide.svc.cluster.local:api-gateway:0 - registration status: 204
2025-05-29T16:44:51.773Z  INFO 4514 --- [           main] c.e.a.ApigatewayApplicationTests         : Started ApigatewayApplicationTests in 2.507 seconds (process running for 3.195)
2025-05-29T16:44:52.339Z DEBUG 4514 --- [           main] o.s.web.client.RestTemplate              : HTTP POST http://localhost:41417/api/register
2025-05-29T16:44:52.340Z DEBUG 4514 --- [           main] o.s.web.client.RestTemplate              : Accept=[text/plain, application/json, application/*+json, */*]
2025-05-29T16:44:52.340Z DEBUG 4514 --- [           main] o.s.web.client.RestTemplate              : Writing [{"userId": 1,"email": "demoadmin@gmail.com", "password": "admin@1234", "username": "admin123", "userRole": "Admin", "mobileNumber": "9876543210"}] as "application/json"
2025-05-29T16:44:52.402Z DEBUG 4514 --- [or-http-epoll-2] o.s.w.s.adapter.HttpWebHandlerAdapter    : [34abb31c-1] HTTP POST "/api/register"
2025-05-29T16:44:52.744Z DEBUG 4514 --- [           main] o.s.web.client.RestTemplate              : Response 201 CREATED
2025-05-29T16:44:52.746Z DEBUG 4514 --- [           main] o.s.web.client.RestTemplate              : Reading to [java.lang.String] as "text/plain;charset=UTF-8"
2025-05-29T16:44:52.746Z DEBUG 4514 --- [or-http-epoll-2] o.s.w.s.adapter.HttpWebHandlerAdapter    : [34abb31c-1] Completed 201 CREATED
]]></system-out>
  </testcase>
  <testcase name="backend_testRegisterUser" classname="com.examly.apigateway.ApigatewayApplicationTests" time="0.123">
    <system-out><![CDATA[2025-05-29T16:44:52.759Z DEBUG 4514 --- [           main] o.s.web.client.RestTemplate              : HTTP POST http://localhost:41417/api/register
2025-05-29T16:44:52.760Z DEBUG 4514 --- [           main] o.s.web.client.RestTemplate              : Accept=[text/plain, application/json, application/*+json, */*]
2025-05-29T16:44:52.760Z DEBUG 4514 --- [           main] o.s.web.client.RestTemplate              : Writing [{"userId": 2,"email": "demouser@gmail.com", "password": "user@1234", "username": "user123", "userRole": "User", "mobileNumber": "1122334455"}] as "application/json"
2025-05-29T16:44:52.762Z DEBUG 4514 --- [or-http-epoll-2] o.s.w.s.adapter.HttpWebHandlerAdapter    : [34abb31c-2] HTTP POST "/api/register"
2025-05-29T16:44:52.878Z DEBUG 4514 --- [or-http-epoll-2] o.s.w.s.adapter.HttpWebHandlerAdapter    : [34abb31c-2] Completed 201 CREATED
2025-05-29T16:44:52.878Z DEBUG 4514 --- [           main] o.s.web.client.RestTemplate              : Response 201 CREATED
2025-05-29T16:44:52.878Z DEBUG 4514 --- [           main] o.s.web.client.RestTemplate              : Reading to [java.lang.String] as "text/plain;charset=UTF-8"
]]></system-out>
  </testcase>
  <testcase name="backend_testLoginAdmin" classname="com.examly.apigateway.ApigatewayApplicationTests" time="0.255">
    <system-out><![CDATA[2025-05-29T16:44:52.883Z DEBUG 4514 --- [           main] o.s.web.client.RestTemplate              : HTTP POST http://localhost:41417/api/login
2025-05-29T16:44:52.883Z DEBUG 4514 --- [           main] o.s.web.client.RestTemplate              : Accept=[text/plain, application/json, application/*+json, */*]
2025-05-29T16:44:52.883Z DEBUG 4514 --- [           main] o.s.web.client.RestTemplate              : Writing [{"email": "demoadmin@gmail.com", "password": "admin@1234"}] as "application/json"
2025-05-29T16:44:52.885Z DEBUG 4514 --- [or-http-epoll-2] o.s.w.s.adapter.HttpWebHandlerAdapter    : [34abb31c-3] HTTP POST "/api/login"
2025-05-29T16:44:53.129Z DEBUG 4514 --- [           main] o.s.web.client.RestTemplate              : Response 200 OK
2025-05-29T16:44:53.130Z DEBUG 4514 --- [           main] o.s.web.client.RestTemplate              : Reading to [java.lang.String] as "application/json"
2025-05-29T16:44:53.130Z DEBUG 4514 --- [or-http-epoll-2] o.s.w.s.adapter.HttpWebHandlerAdapter    : [34abb31c-3] Completed 200 OK
]]></system-out>
  </testcase>
  <testcase name="backend_testLoginUser" classname="com.examly.apigateway.ApigatewayApplicationTests" time="0.103">
    <system-out><![CDATA[2025-05-29T16:44:53.138Z DEBUG 4514 --- [           main] o.s.web.client.RestTemplate              : HTTP POST http://localhost:41417/api/login
2025-05-29T16:44:53.139Z DEBUG 4514 --- [           main] o.s.web.client.RestTemplate              : Accept=[text/plain, application/json, application/*+json, */*]
2025-05-29T16:44:53.139Z DEBUG 4514 --- [           main] o.s.web.client.RestTemplate              : Writing [{"email": "demouser@gmail.com", "password": "user@1234"}] as "application/json"
2025-05-29T16:44:53.140Z DEBUG 4514 --- [or-http-epoll-2] o.s.w.s.adapter.HttpWebHandlerAdapter    : [34abb31c-4] HTTP POST "/api/login"
2025-05-29T16:44:53.236Z DEBUG 4514 --- [           main] o.s.web.client.RestTemplate              : Response 200 OK
2025-05-29T16:44:53.237Z DEBUG 4514 --- [           main] o.s.web.client.RestTemplate              : Reading to [java.lang.String] as "application/json"
2025-05-29T16:44:53.237Z DEBUG 4514 --- [or-http-epoll-2] o.s.w.s.adapter.HttpWebHandlerAdapter    : [34abb31c-4] Completed 200 OK
]]></system-out>
  </testcase>
  <testcase name="backend_testAddWiFiSchemeWithRoleValidation" classname="com.examly.apigateway.ApigatewayApplicationTests" time="0.199">
    <system-out><![CDATA[2025-05-29T16:44:53.242Z DEBUG 4514 --- [           main] o.s.web.client.RestTemplate              : HTTP POST http://localhost:41417/api/wifiScheme
2025-05-29T16:44:53.242Z DEBUG 4514 --- [           main] o.s.web.client.RestTemplate              : Accept=[text/plain, application/json, application/*+json, */*]
2025-05-29T16:44:53.242Z DEBUG 4514 --- [           main] o.s.web.client.RestTemplate              : Writing [{"schemeName": "SuperFast 500","description": "500 Mbps Unlimited Plan","region": "Tamil Nadu","speed": "500 Mbps","dataLimit": "Unlimited","fee": 999.00,"availabilityStatus": "Available"}] as "application/json"
2025-05-29T16:44:53.243Z DEBUG 4514 --- [or-http-epoll-2] o.s.w.s.adapter.HttpWebHandlerAdapter    : [34abb31c-5] HTTP POST "/api/wifiScheme"
2025-05-29T16:44:53.420Z DEBUG 4514 --- [or-http-epoll-2] o.s.w.s.adapter.HttpWebHandlerAdapter    : [34abb31c-5] Completed 201 CREATED
2025-05-29T16:44:53.420Z DEBUG 4514 --- [           main] o.s.web.client.RestTemplate              : Response 201 CREATED
2025-05-29T16:44:53.420Z DEBUG 4514 --- [           main] o.s.web.client.RestTemplate              : Reading to [java.lang.String] as "application/json"
201 CREATED Status code for Admin adding WiFiScheme
2025-05-29T16:44:53.422Z DEBUG 4514 --- [           main] o.s.web.client.RestTemplate              : HTTP POST http://localhost:41417/api/wifiScheme
2025-05-29T16:44:53.422Z DEBUG 4514 --- [           main] o.s.web.client.RestTemplate              : Accept=[text/plain, application/json, application/*+json, */*]
2025-05-29T16:44:53.422Z DEBUG 4514 --- [           main] o.s.web.client.RestTemplate              : Writing [{"schemeName": "SuperFast 500","description": "500 Mbps Unlimited Plan","region": "Tamil Nadu","speed": "500 Mbps","dataLimit": "Unlimited","fee": 999.00,"availabilityStatus": "Available"}] as "application/json"
2025-05-29T16:44:53.424Z DEBUG 4514 --- [or-http-epoll-2] o.s.w.s.adapter.HttpWebHandlerAdapter    : [34abb31c-6] HTTP POST "/api/wifiScheme"
2025-05-29T16:44:53.435Z DEBUG 4514 --- [           main] o.s.web.client.RestTemplate              : Response 403 FORBIDDEN
2025-05-29T16:44:53.436Z DEBUG 4514 --- [or-http-epoll-2] o.s.w.s.adapter.HttpWebHandlerAdapter    : [34abb31c-6] Completed 403 FORBIDDEN
403 FORBIDDEN Status code for User trying to add WiFiScheme
]]></system-out>
  </testcase>
  <testcase name="backend_testGetWiFiSchemeByIdWithRoleValidation" classname="com.examly.apigateway.ApigatewayApplicationTests" time="0.062">
    <system-out><![CDATA[2025-05-29T16:44:53.440Z DEBUG 4514 --- [           main] o.s.web.client.RestTemplate              : HTTP GET http://localhost:41417/api/wifiScheme/1
2025-05-29T16:44:53.441Z DEBUG 4514 --- [           main] o.s.web.client.RestTemplate              : Accept=[text/plain, application/json, application/*+json, */*]
2025-05-29T16:44:53.442Z DEBUG 4514 --- [or-http-epoll-2] o.s.w.s.adapter.HttpWebHandlerAdapter    : [34abb31c-7] HTTP GET "/api/wifiScheme/1"
2025-05-29T16:44:53.485Z DEBUG 4514 --- [           main] o.s.web.client.RestTemplate              : Response 200 OK
2025-05-29T16:44:53.486Z DEBUG 4514 --- [           main] o.s.web.client.RestTemplate              : Reading to [java.lang.String] as "application/json"
2025-05-29T16:44:53.486Z DEBUG 4514 --- [or-http-epoll-2] o.s.w.s.adapter.HttpWebHandlerAdapter    : [34abb31c-7] Completed 200 OK
200 OK Status code for Admin fetching WiFiScheme by ID
2025-05-29T16:44:53.487Z DEBUG 4514 --- [           main] o.s.web.client.RestTemplate              : HTTP GET http://localhost:41417/api/wifiScheme/1
2025-05-29T16:44:53.487Z DEBUG 4514 --- [           main] o.s.web.client.RestTemplate              : Accept=[text/plain, application/json, application/*+json, */*]
2025-05-29T16:44:53.488Z DEBUG 4514 --- [or-http-epoll-2] o.s.w.s.adapter.HttpWebHandlerAdapter    : [34abb31c-8] HTTP GET "/api/wifiScheme/1"
2025-05-29T16:44:53.498Z DEBUG 4514 --- [or-http-epoll-2] o.s.w.s.adapter.HttpWebHandlerAdapter    : [34abb31c-8] Completed 403 FORBIDDEN
2025-05-29T16:44:53.498Z DEBUG 4514 --- [           main] o.s.web.client.RestTemplate              : Response 403 FORBIDDEN
403 FORBIDDEN Status code for User trying to access WiFiScheme by ID
]]></system-out>
  </testcase>
  <testcase name="backend_testGetAllWiFiSchemesWithRoleValidation" classname="com.examly.apigateway.ApigatewayApplicationTests" time="0.082">
    <system-out><![CDATA[2025-05-29T16:44:53.504Z DEBUG 4514 --- [           main] o.s.web.client.RestTemplate              : HTTP GET http://localhost:41417/api/wifiScheme
2025-05-29T16:44:53.505Z DEBUG 4514 --- [           main] o.s.web.client.RestTemplate              : Accept=[text/plain, application/json, application/*+json, */*]
2025-05-29T16:44:53.506Z DEBUG 4514 --- [or-http-epoll-2] o.s.w.s.adapter.HttpWebHandlerAdapter    : [34abb31c-9] HTTP GET "/api/wifiScheme"
2025-05-29T16:44:53.568Z DEBUG 4514 --- [           main] o.s.web.client.RestTemplate              : Response 200 OK
2025-05-29T16:44:53.569Z DEBUG 4514 --- [           main] o.s.web.client.RestTemplate              : Reading to [java.lang.String] as "application/json"
2025-05-29T16:44:53.569Z DEBUG 4514 --- [or-http-epoll-2] o.s.w.s.adapter.HttpWebHandlerAdapter    : [34abb31c-9] Completed 200 OK
Admin Status Code: 200 OK
2025-05-29T16:44:53.570Z DEBUG 4514 --- [           main] o.s.web.client.RestTemplate              : HTTP GET http://localhost:41417/api/wifiScheme
2025-05-29T16:44:53.571Z DEBUG 4514 --- [           main] o.s.web.client.RestTemplate              : Accept=[text/plain, application/json, application/*+json, */*]
2025-05-29T16:44:53.572Z DEBUG 4514 --- [or-http-epoll-2] o.s.w.s.adapter.HttpWebHandlerAdapter    : [34abb31c-10] HTTP GET "/api/wifiScheme"
2025-05-29T16:44:53.582Z DEBUG 4514 --- [           main] o.s.web.client.RestTemplate              : Response 200 OK
2025-05-29T16:44:53.582Z DEBUG 4514 --- [or-http-epoll-2] o.s.w.s.adapter.HttpWebHandlerAdapter    : [34abb31c-10] Completed 200 OK
2025-05-29T16:44:53.582Z DEBUG 4514 --- [           main] o.s.web.client.RestTemplate              : Reading to [java.lang.String] as "application/json"
User Status Code: 200 OK
]]></system-out>
  </testcase>
  <testcase name="backend_testUpdateWiFiScheme" classname="com.examly.apigateway.ApigatewayApplicationTests" time="0.04">
    <system-out><![CDATA[2025-05-29T16:44:53.588Z DEBUG 4514 --- [           main] o.s.web.client.RestTemplate              : HTTP PUT http://localhost:41417/api/wifiScheme/1
2025-05-29T16:44:53.588Z DEBUG 4514 --- [           main] o.s.web.client.RestTemplate              : Accept=[text/plain, application/json, application/*+json, */*]
2025-05-29T16:44:53.588Z DEBUG 4514 --- [           main] o.s.web.client.RestTemplate              : Writing [{"schemeName": "Updated Scheme Name","availabilityStatus": "Active"}] as "application/json"
2025-05-29T16:44:53.590Z DEBUG 4514 --- [or-http-epoll-2] o.s.w.s.adapter.HttpWebHandlerAdapter    : [34abb31c-11] HTTP PUT "/api/wifiScheme/1"
2025-05-29T16:44:53.600Z DEBUG 4514 --- [or-http-epoll-2] o.s.w.s.adapter.HttpWebHandlerAdapter    : [34abb31c-11] Completed 403 FORBIDDEN
2025-05-29T16:44:53.600Z DEBUG 4514 --- [           main] o.s.web.client.RestTemplate              : Response 403 FORBIDDEN
2025-05-29T16:44:53.600Z DEBUG 4514 --- [           main] o.s.web.client.RestTemplate              : HTTP PUT http://localhost:41417/api/wifiScheme/1
2025-05-29T16:44:53.600Z DEBUG 4514 --- [           main] o.s.web.client.RestTemplate              : Accept=[text/plain, application/json, application/*+json, */*]
2025-05-29T16:44:53.600Z DEBUG 4514 --- [           main] o.s.web.client.RestTemplate              : Writing [{"schemeName": "Updated Scheme Name","availabilityStatus": "Active"}] as "application/json"
2025-05-29T16:44:53.601Z DEBUG 4514 --- [or-http-epoll-2] o.s.w.s.adapter.HttpWebHandlerAdapter    : [34abb31c-12] HTTP PUT "/api/wifiScheme/1"
2025-05-29T16:44:53.623Z DEBUG 4514 --- [           main] o.s.web.client.RestTemplate              : Response 200 OK
2025-05-29T16:44:53.623Z DEBUG 4514 --- [           main] o.s.web.client.RestTemplate              : Reading to [java.lang.String] as "application/json"
2025-05-29T16:44:53.623Z DEBUG 4514 --- [or-http-epoll-2] o.s.w.s.adapter.HttpWebHandlerAdapter    : [34abb31c-12] Completed 200 OK
]]></system-out>
  </testcase>
  <testcase name="backend_testWiFiRequestWithRoleValidation" classname="com.examly.apigateway.ApigatewayApplicationTests" time="0.053">
    <system-out><![CDATA[2025-05-29T16:44:53.628Z DEBUG 4514 --- [           main] o.s.web.client.RestTemplate              : HTTP POST http://localhost:41417/api/wifiSchemeRequest
2025-05-29T16:44:53.628Z DEBUG 4514 --- [           main] o.s.web.client.RestTemplate              : Accept=[text/plain, application/json, application/*+json, */*]
2025-05-29T16:44:53.628Z DEBUG 4514 --- [           main] o.s.web.client.RestTemplate              : Writing [{"user": {"userId": 2},"wifiScheme": {"wifiSchemeId": 1},"requestDate": "2025-05-08","status": "Pending","comments": "Please approve soon.","proof": "U2FtcGxlUHJvb2ZEb2N1bWVudA==","streetName": "MG Road","landmark": "Near Central Park","city": "Coimbatore","state": "Tamil Nadu","zipCode": "641001","preferredSetupDate": "2025-05-15","timeSlot": "09:00 AM - 11:00 AM"}] as "application/json"
2025-05-29T16:44:53.629Z DEBUG 4514 --- [or-http-epoll-2] o.s.w.s.adapter.HttpWebHandlerAdapter    : [34abb31c-13] HTTP POST "/api/wifiSchemeRequest"
2025-05-29T16:44:53.667Z DEBUG 4514 --- [           main] o.s.web.client.RestTemplate              : Response 201 CREATED
2025-05-29T16:44:53.667Z DEBUG 4514 --- [           main] o.s.web.client.RestTemplate              : Reading to [java.lang.String] as "application/json"
2025-05-29T16:44:53.667Z DEBUG 4514 --- [or-http-epoll-2] o.s.w.s.adapter.HttpWebHandlerAdapter    : [34abb31c-13] Completed 201 CREATED
2025-05-29T16:44:53.668Z DEBUG 4514 --- [           main] o.s.web.client.RestTemplate              : HTTP POST http://localhost:41417/api/wifiSchemeRequest
2025-05-29T16:44:53.668Z DEBUG 4514 --- [           main] o.s.web.client.RestTemplate              : Accept=[text/plain, application/json, application/*+json, */*]
2025-05-29T16:44:53.669Z DEBUG 4514 --- [           main] o.s.web.client.RestTemplate              : Writing [{"user": {"userId": 2},"wifiScheme": {"wifiSchemeId": 1},"requestDate": "2025-05-08","status": "Pending","comments": "Please approve soon.","proof": "U2FtcGxlUHJvb2ZEb2N1bWVudA==","streetName": "MG Road","landmark": "Near Central Park","city": "Coimbatore","state": "Tamil Nadu","zipCode": "641001","preferredSetupDate": "2025-05-15","timeSlot": "09:00 AM - 11:00 AM"}] as "application/json"
2025-05-29T16:44:53.670Z DEBUG 4514 --- [or-http-epoll-2] o.s.w.s.adapter.HttpWebHandlerAdapter    : [34abb31c-14] HTTP POST "/api/wifiSchemeRequest"
2025-05-29T16:44:53.677Z DEBUG 4514 --- [or-http-epoll-2] o.s.w.s.adapter.HttpWebHandlerAdapter    : [34abb31c-14] Completed 403 FORBIDDEN
2025-05-29T16:44:53.677Z DEBUG 4514 --- [           main] o.s.web.client.RestTemplate              : Response 403 FORBIDDEN
]]></system-out>
  </testcase>
  <testcase name="backend_testGetWiFiRequestByIdWithBothRoles" classname="com.examly.apigateway.ApigatewayApplicationTests" time="0.024">
    <error message="Cannot invoke &quot;com.fasterxml.jackson.databind.JsonNode.asLong()&quot; because the return value of &quot;com.fasterxml.jackson.databind.JsonNode.get(String)&quot; is null" type="java.lang.NullPointerException"><![CDATA[java.lang.NullPointerException: Cannot invoke "com.fasterxml.jackson.databind.JsonNode.asLong()" because the return value of "com.fasterxml.jackson.databind.JsonNode.get(String)" is null
	at com.examly.apigateway.ApigatewayApplicationTests.backend_testGetWiFiRequestByIdWithBothRoles(ApigatewayApplicationTests.java:366)
	at java.base/jdk.internal.reflect.NativeMethodAccessorImpl.invoke0(Native Method)
	at java.base/jdk.internal.reflect.NativeMethodAccessorImpl.invoke(NativeMethodAccessorImpl.java:77)
	at java.base/jdk.internal.reflect.DelegatingMethodAccessorImpl.invoke(DelegatingMethodAccessorImpl.java:43)
	at java.base/java.lang.reflect.Method.invoke(Method.java:569)
	at org.junit.platform.commons.util.ReflectionUtils.invokeMethod(ReflectionUtils.java:727)
	at org.junit.jupiter.engine.execution.MethodInvocation.proceed(MethodInvocation.java:60)
	at org.junit.jupiter.engine.execution.InvocationInterceptorChain$ValidatingInvocation.proceed(InvocationInterceptorChain.java:131)
	at org.junit.jupiter.engine.extension.TimeoutExtension.intercept(TimeoutExtension.java:156)
	at org.junit.jupiter.engine.extension.TimeoutExtension.interceptTestableMethod(TimeoutExtension.java:147)
	at org.junit.jupiter.engine.extension.TimeoutExtension.interceptTestMethod(TimeoutExtension.java:86)
	at org.junit.jupiter.engine.execution.InterceptingExecutableInvoker$ReflectiveInterceptorCall.lambda$ofVoidMethod$0(InterceptingExecutableInvoker.java:103)
	at org.junit.jupiter.engine.execution.InterceptingExecutableInvoker.lambda$invoke$0(InterceptingExecutableInvoker.java:93)
	at org.junit.jupiter.engine.execution.InvocationInterceptorChain$InterceptedInvocation.proceed(InvocationInterceptorChain.java:106)
	at org.junit.jupiter.engine.execution.InvocationInterceptorChain.proceed(InvocationInterceptorChain.java:64)
	at org.junit.jupiter.engine.execution.InvocationInterceptorChain.chainAndInvoke(InvocationInterceptorChain.java:45)
	at org.junit.jupiter.engine.execution.InvocationInterceptorChain.invoke(InvocationInterceptorChain.java:37)
	at org.junit.jupiter.engine.execution.InterceptingExecutableInvoker.invoke(InterceptingExecutableInvoker.java:92)
	at org.junit.jupiter.engine.execution.InterceptingExecutableInvoker.invoke(InterceptingExecutableInvoker.java:86)
	at org.junit.jupiter.engine.descriptor.TestMethodTestDescriptor.lambda$invokeTestMethod$7(TestMethodTestDescriptor.java:217)
	at org.junit.platform.engine.support.hierarchical.ThrowableCollector.execute(ThrowableCollector.java:73)
	at org.junit.jupiter.engine.descriptor.TestMethodTestDescriptor.invokeTestMethod(TestMethodTestDescriptor.java:213)
	at org.junit.jupiter.engine.descriptor.TestMethodTestDescriptor.execute(TestMethodTestDescriptor.java:138)
	at org.junit.jupiter.engine.descriptor.TestMethodTestDescriptor.execute(TestMethodTestDescriptor.java:68)
	at org.junit.platform.engine.support.hierarchical.NodeTestTask.lambda$executeRecursively$6(NodeTestTask.java:151)
	at org.junit.platform.engine.support.hierarchical.ThrowableCollector.execute(ThrowableCollector.java:73)
	at org.junit.platform.engine.support.hierarchical.NodeTestTask.lambda$executeRecursively$8(NodeTestTask.java:141)
	at org.junit.platform.engine.support.hierarchical.Node.around(Node.java:137)
	at org.junit.platform.engine.support.hierarchical.NodeTestTask.lambda$executeRecursively$9(NodeTestTask.java:139)
	at org.junit.platform.engine.support.hierarchical.ThrowableCollector.execute(ThrowableCollector.java:73)
	at org.junit.platform.engine.support.hierarchical.NodeTestTask.executeRecursively(NodeTestTask.java:138)
	at org.junit.platform.engine.support.hierarchical.NodeTestTask.execute(NodeTestTask.java:95)
	at java.base/java.util.ArrayList.forEach(ArrayList.java:1511)
	at org.junit.platform.engine.support.hierarchical.SameThreadHierarchicalTestExecutorService.invokeAll(SameThreadHierarchicalTestExecutorService.java:41)
	at org.junit.platform.engine.support.hierarchical.NodeTestTask.lambda$executeRecursively$6(NodeTestTask.java:155)
	at org.junit.platform.engine.support.hierarchical.ThrowableCollector.execute(ThrowableCollector.java:73)
	at org.junit.platform.engine.support.hierarchical.NodeTestTask.lambda$executeRecursively$8(NodeTestTask.java:141)
	at org.junit.platform.engine.support.hierarchical.Node.around(Node.java:137)
	at org.junit.platform.engine.support.hierarchical.NodeTestTask.lambda$executeRecursively$9(NodeTestTask.java:139)
	at org.junit.platform.engine.support.hierarchical.ThrowableCollector.execute(ThrowableCollector.java:73)
	at org.junit.platform.engine.support.hierarchical.NodeTestTask.executeRecursively(NodeTestTask.java:138)
	at org.junit.platform.engine.support.hierarchical.NodeTestTask.execute(NodeTestTask.java:95)
	at java.base/java.util.ArrayList.forEach(ArrayList.java:1511)
	at org.junit.platform.engine.support.hierarchical.SameThreadHierarchicalTestExecutorService.invokeAll(SameThreadHierarchicalTestExecutorService.java:41)
	at org.junit.platform.engine.support.hierarchical.NodeTestTask.lambda$executeRecursively$6(NodeTestTask.java:155)
	at org.junit.platform.engine.support.hierarchical.ThrowableCollector.execute(ThrowableCollector.java:73)
	at org.junit.platform.engine.support.hierarchical.NodeTestTask.lambda$executeRecursively$8(NodeTestTask.java:141)
	at org.junit.platform.engine.support.hierarchical.Node.around(Node.java:137)
	at org.junit.platform.engine.support.hierarchical.NodeTestTask.lambda$executeRecursively$9(NodeTestTask.java:139)
	at org.junit.platform.engine.support.hierarchical.ThrowableCollector.execute(ThrowableCollector.java:73)
	at org.junit.platform.engine.support.hierarchical.NodeTestTask.executeRecursively(NodeTestTask.java:138)
	at org.junit.platform.engine.support.hierarchical.NodeTestTask.execute(NodeTestTask.java:95)
	at org.junit.platform.engine.support.hierarchical.SameThreadHierarchicalTestExecutorService.submit(SameThreadHierarchicalTestExecutorService.java:35)
	at org.junit.platform.engine.support.hierarchical.HierarchicalTestExecutor.execute(HierarchicalTestExecutor.java:57)
	at org.junit.platform.engine.support.hierarchical.HierarchicalTestEngine.execute(HierarchicalTestEngine.java:54)
	at org.junit.platform.launcher.core.EngineExecutionOrchestrator.execute(EngineExecutionOrchestrator.java:147)
	at org.junit.platform.launcher.core.EngineExecutionOrchestrator.execute(EngineExecutionOrchestrator.java:127)
	at org.junit.platform.launcher.core.EngineExecutionOrchestrator.execute(EngineExecutionOrchestrator.java:90)
	at org.junit.platform.launcher.core.EngineExecutionOrchestrator.lambda$execute$0(EngineExecutionOrchestrator.java:55)
	at org.junit.platform.launcher.core.EngineExecutionOrchestrator.withInterceptedStreams(EngineExecutionOrchestrator.java:102)
	at org.junit.platform.launcher.core.EngineExecutionOrchestrator.execute(EngineExecutionOrchestrator.java:54)
	at org.junit.platform.launcher.core.DefaultLauncher.execute(DefaultLauncher.java:114)
	at org.junit.platform.launcher.core.DefaultLauncher.execute(DefaultLauncher.java:86)
	at org.junit.platform.launcher.core.DefaultLauncherSession$DelegatingLauncher.execute(DefaultLauncherSession.java:86)
	at org.apache.maven.surefire.junitplatform.LazyLauncher.execute(LazyLauncher.java:50)
	at org.apache.maven.surefire.junitplatform.JUnitPlatformProvider.execute(JUnitPlatformProvider.java:184)
	at org.apache.maven.surefire.junitplatform.JUnitPlatformProvider.invokeAllTests(JUnitPlatformProvider.java:148)
	at org.apache.maven.surefire.junitplatform.JUnitPlatformProvider.invoke(JUnitPlatformProvider.java:122)
	at org.apache.maven.surefire.booter.ForkedBooter.runSuitesInProcess(ForkedBooter.java:385)
	at org.apache.maven.surefire.booter.ForkedBooter.execute(ForkedBooter.java:162)
	at org.apache.maven.surefire.booter.ForkedBooter.run(ForkedBooter.java:507)
	at org.apache.maven.surefire.booter.ForkedBooter.main(ForkedBooter.java:495)
]]></error>
    <system-out><![CDATA[2025-05-29T16:44:53.681Z DEBUG 4514 --- [           main] o.s.web.client.RestTemplate              : HTTP GET http://localhost:41417/api/wifiSchemeRequest/1
2025-05-29T16:44:53.682Z DEBUG 4514 --- [           main] o.s.web.client.RestTemplate              : Accept=[text/plain, application/json, application/*+json, */*]
2025-05-29T16:44:53.683Z DEBUG 4514 --- [or-http-epoll-2] o.s.w.s.adapter.HttpWebHandlerAdapter    : [34abb31c-15] HTTP GET "/api/wifiSchemeRequest/1"
2025-05-29T16:44:53.699Z DEBUG 4514 --- [           main] o.s.web.client.RestTemplate              : Response 200 OK
2025-05-29T16:44:53.699Z DEBUG 4514 --- [or-http-epoll-2] o.s.w.s.adapter.HttpWebHandlerAdapter    : [34abb31c-15] Completed 200 OK
2025-05-29T16:44:53.700Z DEBUG 4514 --- [           main] o.s.web.client.RestTemplate              : Reading to [java.lang.String] as "application/json"
Admin GET Status: 200 OK
]]></system-out>
  </testcase>
  <testcase name="backend_testGetWiFiRequestsByUserId_UserOnlyAccess" classname="com.examly.apigateway.ApigatewayApplicationTests" time="0.04">
    <system-out><![CDATA[2025-05-29T16:44:53.707Z DEBUG 4514 --- [           main] o.s.web.client.RestTemplate              : HTTP GET http://localhost:41417/api/wifiSchemeRequest/user/2
2025-05-29T16:44:53.708Z DEBUG 4514 --- [           main] o.s.web.client.RestTemplate              : Accept=[text/plain, application/json, application/*+json, */*]
2025-05-29T16:44:53.709Z DEBUG 4514 --- [or-http-epoll-2] o.s.w.s.adapter.HttpWebHandlerAdapter    : [34abb31c-16] HTTP GET "/api/wifiSchemeRequest/user/2"
2025-05-29T16:44:53.733Z DEBUG 4514 --- [           main] o.s.web.client.RestTemplate              : Response 200 OK
2025-05-29T16:44:53.733Z DEBUG 4514 --- [           main] o.s.web.client.RestTemplate              : Reading to [java.lang.String] as "application/json"
2025-05-29T16:44:53.733Z DEBUG 4514 --- [or-http-epoll-2] o.s.w.s.adapter.HttpWebHandlerAdapter    : [34abb31c-16] Completed 200 OK
User GET by UserId Status: 200 OK
2025-05-29T16:44:53.734Z DEBUG 4514 --- [           main] o.s.web.client.RestTemplate              : HTTP GET http://localhost:41417/api/wifiSchemeRequest/user/2
2025-05-29T16:44:53.734Z DEBUG 4514 --- [           main] o.s.web.client.RestTemplate              : Accept=[text/plain, application/json, application/*+json, */*]
2025-05-29T16:44:53.735Z DEBUG 4514 --- [or-http-epoll-2] o.s.w.s.adapter.HttpWebHandlerAdapter    : [34abb31c-17] HTTP GET "/api/wifiSchemeRequest/user/2"
2025-05-29T16:44:53.743Z DEBUG 4514 --- [or-http-epoll-2] o.s.w.s.adapter.HttpWebHandlerAdapter    : [34abb31c-17] Completed 403 FORBIDDEN
2025-05-29T16:44:53.743Z DEBUG 4514 --- [           main] o.s.web.client.RestTemplate              : Response 403 FORBIDDEN
Admin GET by UserId Status: 403 FORBIDDEN
]]></system-out>
  </testcase>
  <testcase name="backend_testGetAllWiFiRequests_AdminOnlyAccess" classname="com.examly.apigateway.ApigatewayApplicationTests" time="0.028">
    <system-out><![CDATA[2025-05-29T16:44:53.747Z DEBUG 4514 --- [           main] o.s.web.client.RestTemplate              : HTTP GET http://localhost:41417/api/wifiSchemeRequest
2025-05-29T16:44:53.748Z DEBUG 4514 --- [           main] o.s.web.client.RestTemplate              : Accept=[text/plain, application/json, application/*+json, */*]
2025-05-29T16:44:53.749Z DEBUG 4514 --- [or-http-epoll-2] o.s.w.s.adapter.HttpWebHandlerAdapter    : [34abb31c-18] HTTP GET "/api/wifiSchemeRequest"
2025-05-29T16:44:53.764Z DEBUG 4514 --- [           main] o.s.web.client.RestTemplate              : Response 200 OK
2025-05-29T16:44:53.764Z DEBUG 4514 --- [           main] o.s.web.client.RestTemplate              : Reading to [java.lang.String] as "application/json"
2025-05-29T16:44:53.764Z DEBUG 4514 --- [or-http-epoll-2] o.s.w.s.adapter.HttpWebHandlerAdapter    : [34abb31c-18] Completed 200 OK
Admin GET all requests Status: 200 OK
2025-05-29T16:44:53.765Z DEBUG 4514 --- [           main] o.s.web.client.RestTemplate              : HTTP GET http://localhost:41417/api/wifiSchemeRequest
2025-05-29T16:44:53.765Z DEBUG 4514 --- [           main] o.s.web.client.RestTemplate              : Accept=[text/plain, application/json, application/*+json, */*]
2025-05-29T16:44:53.766Z DEBUG 4514 --- [or-http-epoll-2] o.s.w.s.adapter.HttpWebHandlerAdapter    : [34abb31c-19] HTTP GET "/api/wifiSchemeRequest"
2025-05-29T16:44:53.772Z DEBUG 4514 --- [or-http-epoll-2] o.s.w.s.adapter.HttpWebHandlerAdapter    : [34abb31c-19] Completed 403 FORBIDDEN
2025-05-29T16:44:53.772Z DEBUG 4514 --- [           main] o.s.web.client.RestTemplate              : Response 403 FORBIDDEN
User GET all requests Status: 403 FORBIDDEN
]]></system-out>
  </testcase>
  <testcase name="backend_testAddFeedback" classname="com.examly.apigateway.ApigatewayApplicationTests" time="0.235">
    <system-out><![CDATA[2025-05-29T16:44:53.776Z DEBUG 4514 --- [           main] o.s.web.client.RestTemplate              : HTTP POST http://localhost:41417/api/feedback
2025-05-29T16:44:53.776Z DEBUG 4514 --- [           main] o.s.web.client.RestTemplate              : Accept=[text/plain, application/json, application/*+json, */*]
2025-05-29T16:44:53.776Z DEBUG 4514 --- [           main] o.s.web.client.RestTemplate              : Writing [{"feedbackText": "Great service!","date": "2025-05-08","user": {"userId": 2},"wifiScheme": {"wifiSchemeId": 1},"category": "Service"}] as "application/json"
2025-05-29T16:44:53.777Z DEBUG 4514 --- [or-http-epoll-2] o.s.w.s.adapter.HttpWebHandlerAdapter    : [34abb31c-20] HTTP POST "/api/feedback"
2025-05-29T16:44:53.993Z DEBUG 4514 --- [or-http-epoll-2] o.s.w.s.adapter.HttpWebHandlerAdapter    : [34abb31c-20] Completed 201 CREATED
2025-05-29T16:44:53.993Z DEBUG 4514 --- [           main] o.s.web.client.RestTemplate              : Response 201 CREATED
2025-05-29T16:44:53.994Z DEBUG 4514 --- [           main] o.s.web.client.RestTemplate              : Reading to [java.lang.String] as "application/json"
2025-05-29T16:44:53.994Z DEBUG 4514 --- [           main] o.s.web.client.RestTemplate              : HTTP POST http://localhost:41417/api/feedback
2025-05-29T16:44:53.994Z DEBUG 4514 --- [           main] o.s.web.client.RestTemplate              : Accept=[text/plain, application/json, application/*+json, */*]
2025-05-29T16:44:53.995Z DEBUG 4514 --- [           main] o.s.web.client.RestTemplate              : Writing [{"feedbackText": "Great service!","date": "2025-05-08","user": {"userId": 2},"wifiScheme": {"wifiSchemeId": 1},"category": "Service"}] as "application/json"
2025-05-29T16:44:53.995Z DEBUG 4514 --- [or-http-epoll-2] o.s.w.s.adapter.HttpWebHandlerAdapter    : [34abb31c-21] HTTP POST "/api/feedback"
2025-05-29T16:44:54.006Z DEBUG 4514 --- [or-http-epoll-2] o.s.w.s.adapter.HttpWebHandlerAdapter    : [34abb31c-21] Completed 403 FORBIDDEN
2025-05-29T16:44:54.006Z DEBUG 4514 --- [           main] o.s.web.client.RestTemplate              : Response 403 FORBIDDEN
]]></system-out>
  </testcase>
  <testcase name="backend_testGetAllFeedback" classname="com.examly.apigateway.ApigatewayApplicationTests" time="0.075">
    <system-out><![CDATA[2025-05-29T16:44:54.011Z DEBUG 4514 --- [           main] o.s.web.client.RestTemplate              : HTTP GET http://localhost:41417/api/feedback
2025-05-29T16:44:54.012Z DEBUG 4514 --- [           main] o.s.web.client.RestTemplate              : Accept=[text/plain, application/json, application/*+json, */*]
2025-05-29T16:44:54.013Z DEBUG 4514 --- [or-http-epoll-2] o.s.w.s.adapter.HttpWebHandlerAdapter    : [34abb31c-22] HTTP GET "/api/feedback"
2025-05-29T16:44:54.073Z DEBUG 4514 --- [           main] o.s.web.client.RestTemplate              : Response 200 OK
2025-05-29T16:44:54.073Z DEBUG 4514 --- [           main] o.s.web.client.RestTemplate              : Reading to [java.lang.String] as "application/json"
2025-05-29T16:44:54.073Z DEBUG 4514 --- [or-http-epoll-2] o.s.w.s.adapter.HttpWebHandlerAdapter    : [34abb31c-22] Completed 200 OK
2025-05-29T16:44:54.074Z DEBUG 4514 --- [           main] o.s.web.client.RestTemplate              : HTTP GET http://localhost:41417/api/feedback
2025-05-29T16:44:54.074Z DEBUG 4514 --- [           main] o.s.web.client.RestTemplate              : Accept=[text/plain, application/json, application/*+json, */*]
2025-05-29T16:44:54.075Z DEBUG 4514 --- [or-http-epoll-2] o.s.w.s.adapter.HttpWebHandlerAdapter    : [34abb31c-23] HTTP GET "/api/feedback"
2025-05-29T16:44:54.082Z DEBUG 4514 --- [or-http-epoll-2] o.s.w.s.adapter.HttpWebHandlerAdapter    : [34abb31c-23] Completed 403 FORBIDDEN
2025-05-29T16:44:54.082Z DEBUG 4514 --- [           main] o.s.web.client.RestTemplate              : Response 403 FORBIDDEN
]]></system-out>
  </testcase>
  <testcase name="backend_testGetFeedbackByUserId" classname="com.examly.apigateway.ApigatewayApplicationTests" time="0.052">
    <system-out><![CDATA[2025-05-29T16:44:54.087Z DEBUG 4514 --- [           main] o.s.web.client.RestTemplate              : HTTP GET http://localhost:41417/api/feedback/user/2
2025-05-29T16:44:54.087Z DEBUG 4514 --- [           main] o.s.web.client.RestTemplate              : Accept=[text/plain, application/json, application/*+json, */*]
2025-05-29T16:44:54.088Z DEBUG 4514 --- [or-http-epoll-2] o.s.w.s.adapter.HttpWebHandlerAdapter    : [34abb31c-24] HTTP GET "/api/feedback/user/2"
2025-05-29T16:44:54.126Z DEBUG 4514 --- [           main] o.s.web.client.RestTemplate              : Response 200 OK
2025-05-29T16:44:54.127Z DEBUG 4514 --- [or-http-epoll-2] o.s.w.s.adapter.HttpWebHandlerAdapter    : [34abb31c-24] Completed 200 OK
2025-05-29T16:44:54.127Z DEBUG 4514 --- [           main] o.s.web.client.RestTemplate              : Reading to [java.lang.String] as "application/json"
2025-05-29T16:44:54.127Z DEBUG 4514 --- [           main] o.s.web.client.RestTemplate              : HTTP GET http://localhost:41417/api/feedback/user/2
2025-05-29T16:44:54.128Z DEBUG 4514 --- [           main] o.s.web.client.RestTemplate              : Accept=[text/plain, application/json, application/*+json, */*]
2025-05-29T16:44:54.129Z DEBUG 4514 --- [or-http-epoll-2] o.s.w.s.adapter.HttpWebHandlerAdapter    : [34abb31c-25] HTTP GET "/api/feedback/user/2"
2025-05-29T16:44:54.135Z DEBUG 4514 --- [or-http-epoll-2] o.s.w.s.adapter.HttpWebHandlerAdapter    : [34abb31c-25] Completed 403 FORBIDDEN
2025-05-29T16:44:54.135Z DEBUG 4514 --- [           main] o.s.web.client.RestTemplate              : Response 403 FORBIDDEN
]]></system-out>
  </testcase>
</testsuite>